[0119/172101.408:ERROR:process_reader_win.cc(188)] ResumeThread: 参数错误。 (0x57)
[0119/172101.411:ERROR:process_reader_win.cc(151)] SuspendThread: 拒绝访问。 (0x5)
[0119/172101.411:ERROR:process_reader_win.cc(151)] SuspendThread: 拒绝访问。 (0x5)
[0119/172101.411:ERROR:process_reader_win.cc(151)] SuspendThread: 拒绝访问。 (0x5)
[0119/172101.412:ERROR:process_reader_win.cc(151)] SuspendThread: 拒绝访问。 (0x5)
[0119/172101.426:ERROR:process_memory_win.cc(73)] ReadMemory at 0x1daee0 of 92 bytes failed: 仅完成部分的 ReadProcessMemory 或 WriteProcessMemory 请求。 (0x12B)
[0119/172101.427:WARNING:pe_image_reader.cc(281)] could not read version info from C:\Program Files (x86)\Google\Chrome\Application\chrome.exe
[0119/172101.430:ERROR:process_memory_win.cc(73)] ReadMemory at 0x50000 of 64 bytes failed: 仅完成部分的 ReadProcessMemory 或 WriteProcessMemory 请求。 (0x12B)
[0119/172101.430:WARNING:pe_image_reader.cc(340)] could not read dos header from C:\Program Files (x86)\Google\Chrome\Application\chrome.exe
[0119/172101.430:ERROR:process_memory_win.cc(73)] ReadMemory at 0x50000 of 64 bytes failed: 仅完成部分的 ReadProcessMemory 或 WriteProcessMemory 请求。 (0x12B)
[0119/172101.430:WARNING:pe_image_reader.cc(340)] could not read dos header from C:\Program Files (x86)\Google\Chrome\Application\chrome.exe
[0119/172101.430:ERROR:process_memory_win.cc(73)] ReadMemory at 0x4e6b5e0 of 44 bytes failed: 仅完成部分的 ReadProcessMemory 或 WriteProcessMemory 请求。 (0x12B)
[0119/172101.430:WARNING:pe_image_annotations_reader.cc(134)] could not read annotations list object in C:\Program Files (x86)\Google\Chrome\Application\84.0.4147.89\chrome_elf.dll
[0119/172101.431:ERROR:process_memory_win.cc(73)] ReadMemory at 0x4e93748 of 44 bytes failed: 仅完成部分的 ReadProcessMemory 或 WriteProcessMemory 请求。 (0x12B)
[0119/172101.431:WARNING:pe_image_annotations_reader.cc(134)] could not read annotations list object in C:\Program Files (x86)\Google\Chrome\Application\84.0.4147.89\chrome.dll
[0119/172101.631:ERROR:process_memory_win.cc(73)] ReadMemory at 0x50000 of 64 bytes failed: 仅完成部分的 ReadProcessMemory 或 WriteProcessMemory 请求。 (0x12B)
[0119/172101.631:WARNING:pe_image_reader.cc(340)] could not read dos header from C:\Program Files (x86)\Google\Chrome\Application\chrome.exe
[0119/172101.631:ERROR:process_memory_win.cc(73)] ReadMemory at 0x77d20000 of 64 bytes failed: 仅完成部分的 ReadProcessMemory 或 WriteProcessMemory 请求。 (0x12B)
[0119/172101.631:WARNING:pe_image_reader.cc(340)] could not read dos header from C:\Windows\SYSTEM32\ntdll.dll
[0119/172101.632:ERROR:process_memory_win.cc(73)] ReadMemory at 0x76090000 of 64 bytes failed: 仅完成部分的 ReadProcessMemory 或 WriteProcessMemory 请求。 (0x12B)
[0119/172101.632:WARNING:pe_image_reader.cc(340)] could not read dos header from C:\Windows\System32\KERNEL32.DLL
[0119/172101.632:ERROR:process_memory_win.cc(73)] ReadMemory at 0x77150000 of 64 bytes failed: 仅完成部分的 ReadProcessMemory 或 WriteProcessMemory 请求。 (0x12B)
[0119/172101.632:WARNING:pe_image_reader.cc(340)] could not read dos header from C:\Windows\System32\KERNELBASE.dll
[0119/172101.632:ERROR:process_memory_win.cc(73)] ReadMemory at 0x58db0000 of 64 bytes failed: 仅完成部分的 ReadProcessMemory 或 WriteProcessMemory 请求。 (0x12B)
[0119/172101.632:WARNING:pe_image_reader.cc(340)] could not read dos header from C:\Program Files (x86)\Google\Chrome\Application\84.0.4147.89\chrome_elf.dll
[0119/172101.632:ERROR:process_memory_win.cc(73)] ReadMemory at 0x754c0000 of 64 bytes failed: 仅完成部分的 ReadProcessMemory 或 WriteProcessMemory 请求。 (0x12B)
[0119/172101.632:WARNING:pe_image_reader.cc(340)] could not read dos header from C:\Windows\SYSTEM32\VERSION.dll
[0119/172101.632:ERROR:process_memory_win.cc(73)] ReadMemory at 0x76d60000 of 64 bytes failed: 仅完成部分的 ReadProcessMemory 或 WriteProcessMemory 请求。 (0x12B)
[0119/172101.632:WARNING:pe_image_reader.cc(340)] could not read dos header from C:\Windows\System32\msvcrt.dll
[0119/172101.632:ERROR:process_memory_win.cc(73)] ReadMemory at 0x77a00000 of 64 bytes failed: 仅完成部分的 ReadProcessMemory 或 WriteProcessMemory 请求。 (0x12B)
[0119/172101.632:WARNING:pe_image_reader.cc(340)] could not read dos header from C:\Windows\System32\bcryptPrimitives.dll
[0119/172101.633:ERROR:process_memory_win.cc(73)] ReadMemory at 0x75fc0000 of 64 bytes failed: 仅完成部分的 ReadProcessMemory 或 WriteProcessMemory 请求。 (0x12B)
[0119/172101.633:WARNING:pe_image_reader.cc(340)] could not read dos header from C:\Windows\System32\ADVAPI32.dll
[0119/172101.633:ERROR:process_memory_win.cc(73)] ReadMemory at 0x77350000 of 64 bytes failed: 仅完成部分的 ReadProcessMemory 或 WriteProcessMemory 请求。 (0x12B)
[0119/172101.633:WARNING:pe_image_reader.cc(340)] could not read dos header from C:\Windows\System32\sechost.dll
[0119/172101.633:ERROR:process_memory_win.cc(73)] ReadMemory at 0x76e20000 of 64 bytes failed: 仅完成部分的 ReadProcessMemory 或 WriteProcessMemory 请求。 (0x12B)
[0119/172101.633:WARNING:pe_image_reader.cc(340)] could not read dos header from C:\Windows\System32\RPCRT4.dll
[0119/172101.633:ERROR:process_memory_win.cc(73)] ReadMemory at 0x754e0000 of 64 bytes failed: 仅完成部分的 ReadProcessMemory 或 WriteProcessMemory 请求。 (0x12B)
[0119/172101.633:WARNING:pe_image_reader.cc(340)] could not read dos header from C:\Windows\System32\SspiCli.dll
[0119/172101.633:ERROR:process_memory_win.cc(73)] ReadMemory at 0x754d0000 of 64 bytes failed: 仅完成部分的 ReadProcessMemory 或 WriteProcessMemory 请求。 (0x12B)
[0119/172101.633:WARNING:pe_image_reader.cc(340)] could not read dos header from C:\Windows\System32\CRYPTBASE.dll
[0119/172101.634:ERROR:process_memory_win.cc(73)] ReadMemory at 0x51f80000 of 64 bytes failed: 仅完成部分的 ReadProcessMemory 或 WriteProcessMemory 请求。 (0x12B)
[0119/172101.634:WARNING:pe_image_reader.cc(340)] could not read dos header from C:\Program Files (x86)\Google\Chrome\Application\84.0.4147.89\chrome.dll
[0119/172101.634:ERROR:process_memory_win.cc(73)] ReadMemory at 0x75a80000 of 64 bytes failed: 仅完成部分的 ReadProcessMemory 或 WriteProcessMemory 请求。 (0x12B)
[0119/172101.634:WARNING:pe_image_reader.cc(340)] could not read dos header from C:\Windows\System32\WS2_32.dll
[0119/172101.634:ERROR:process_memory_win.cc(73)] ReadMemory at 0x77c70000 of 64 bytes failed: 仅完成部分的 ReadProcessMemory 或 WriteProcessMemory 请求。 (0x12B)
[0119/172101.634:WARNING:pe_image_reader.cc(340)] could not read dos header from C:\Windows\System32\OLEAUT32.dll
[0119/172101.634:ERROR:process_memory_win.cc(73)] ReadMemory at 0x75620000 of 64 bytes failed: 仅完成部分的 ReadProcessMemory 或 WriteProcessMemory 请求。 (0x12B)
[0119/172101.634:WARNING:pe_image_reader.cc(340)] could not read dos header from C:\Windows\System32\msvcp_win.dll
[0119/172101.635:ERROR:process_memory_win.cc(73)] ReadMemory at 0x75730000 of 64 bytes failed: 仅完成部分的 ReadProcessMemory 或 WriteProcessMemory 请求。 (0x12B)
[0119/172101.635:WARNING:pe_image_reader.cc(340)] could not read dos header from C:\Windows\System32\ucrtbase.dll
[0119/172101.635:ERROR:process_memory_win.cc(73)] ReadMemory at 0x75d40000 of 64 bytes failed: 仅完成部分的 ReadProcessMemory 或 WriteProcessMemory 请求。 (0x12B)
[0119/172101.635:WARNING:pe_image_reader.cc(340)] could not read dos header from C:\Windows\System32\combase.dll
[0119/172101.635:ERROR:process_memory_win.cc(73)] ReadMemory at 0x76040000 of 64 bytes failed: 仅完成部分的 ReadProcessMemory 或 WriteProcessMemory 请求。 (0x12B)
[0119/172101.635:WARNING:pe_image_reader.cc(340)] could not read dos header from C:\Windows\System32\WINTRUST.dll
[0119/172101.635:ERROR:process_memory_win.cc(73)] ReadMemory at 0x75720000 of 64 bytes failed: 仅完成部分的 ReadProcessMemory 或 WriteProcessMemory 请求。 (0x12B)
[0119/172101.635:WARNING:pe_image_reader.cc(340)] could not read dos header from C:\Windows\System32\MSASN1.dll
[0119/172101.635:ERROR:process_memory_win.cc(73)] ReadMemory at 0x75960000 of 64 bytes failed: 仅完成部分的 ReadProcessMemory 或 WriteProcessMemory 请求。 (0x12B)
[0119/172101.635:WARNING:pe_image_reader.cc(340)] could not read dos header from C:\Windows\System32\CRYPT32.dll
[0119/172101.635:ERROR:process_memory_win.cc(73)] ReadMemory at 0x75230000 of 64 bytes failed: 仅完成部分的 ReadProcessMemory 或 WriteProcessMemory 请求。 (0x12B)
[0119/172101.635:WARNING:pe_image_reader.cc(340)] could not read dos header from C:\Windows\SYSTEM32\IPHLPAPI.DLL
[0119/172101.635:ERROR:process_memory_win.cc(73)] ReadMemory at 0x746a0000 of 64 bytes failed: 仅完成部分的 ReadProcessMemory 或 WriteProcessMemory 请求。 (0x12B)
[0119/172101.635:WARNING:pe_image_reader.cc(340)] could not read dos header from C:\Windows\SYSTEM32\WINMM.dll
[0119/172101.635:ERROR:process_memory_win.cc(73)] ReadMemory at 0x6dc00000 of 64 bytes failed: 仅完成部分的 ReadProcessMemory 或 WriteProcessMemory 请求。 (0x12B)
[0119/172101.636:WARNING:pe_image_reader.cc(340)] could not read dos header from C:\Windows\SYSTEM32\Secur32.dll
[0119/172101.636:ERROR:process_memory_win.cc(73)] ReadMemory at 0x75470000 of 64 bytes failed: 仅完成部分的 ReadProcessMemory 或 WriteProcessMemory 请求。 (0x12B)
[0119/172101.636:WARNING:pe_image_reader.cc(340)] could not read dos header from C:\Windows\SYSTEM32\USERENV.dll
[0119/172101.636:ERROR:process_memory_win.cc(73)] ReadMemory at 0x76d40000 of 64 bytes failed: 仅完成部分的 ReadProcessMemory 或 WriteProcessMemory 请求。 (0x12B)
[0119/172101.636:WARNING:pe_image_reader.cc(340)] could not read dos header from C:\Windows\System32\profapi.dll
[0119/172101.636:ERROR:process_memory_win.cc(73)] ReadMemory at 0x51d10000 of 64 bytes failed: 仅完成部分的 ReadProcessMemory 或 WriteProcessMemory 请求。 (0x12B)
[0119/172101.636:WARNING:pe_image_reader.cc(340)] could not read dos header from C:\Windows\SYSTEM32\UIAutomationCore.DLL
[0119/172101.636:ERROR:process_memory_win.cc(73)] ReadMemory at 0x6ca20000 of 64 bytes failed: 仅完成部分的 ReadProcessMemory 或 WriteProcessMemory 请求。 (0x12B)
[0119/172101.636:WARNING:pe_image_reader.cc(340)] could not read dos header from C:\Windows\SYSTEM32\DWrite.dll
[0119/172101.636:ERROR:process_memory_win.cc(73)] ReadMemory at 0x73780000 of 64 bytes failed: 仅完成部分的 ReadProcessMemory 或 WriteProcessMemory 请求。 (0x12B)
[0119/172101.636:WARNING:pe_image_reader.cc(340)] could not read dos header from C:\Windows\SYSTEM32\WINSPOOL.DRV
[0119/172101.636:ERROR:process_memory_win.cc(73)] ReadMemory at 0x75d30000 of 64 bytes failed: 仅完成部分的 ReadProcessMemory 或 WriteProcessMemory 请求。 (0x12B)
[0119/172101.636:WARNING:pe_image_reader.cc(340)] could not read dos header from C:\Windows\System32\kernel.appcore.dll
[0119/172101.636:ERROR:process_memory_win.cc(73)] ReadMemory at 0x76170000 of 64 bytes failed: 仅完成部分的 ReadProcessMemory 或 WriteProcessMemory 请求。 (0x12B)
[0119/172101.636:WARNING:pe_image_reader.cc(340)] could not read dos header from C:\Windows\System32\bcrypt.dll
[0119/172101.636:ERROR:process_memory_win.cc(73)] ReadMemory at 0x74510000 of 64 bytes failed: 仅完成部分的 ReadProcessMemory 或 WriteProcessMemory 请求。 (0x12B)
[0119/172101.637:WARNING:pe_image_reader.cc(340)] could not read dos header from C:\Windows\SYSTEM32\dbghelp.dll
[0119/172101.637:ERROR:process_memory_win.cc(73)] ReadMemory at 0x71720000 of 64 bytes failed: 仅完成部分的 ReadProcessMemory 或 WriteProcessMemory 请求。 (0x12B)
[0119/172101.637:WARNING:pe_image_reader.cc(340)] could not read dos header from C:\Windows\SYSTEM32\WINHTTP.dll
[0119/172101.637:ERROR:process_memory_win.cc(73)] ReadMemory at 0x74890000 of 64 bytes failed: 仅完成部分的 ReadProcessMemory 或 WriteProcessMemory 请求。 (0x12B)
[0119/172101.637:WARNING:pe_image_reader.cc(340)] could not read dos header from C:\Windows\SYSTEM32\dhcpcsvc.DLL
[0119/172101.637:ERROR:process_memory_win.cc(73)] ReadMemory at 0x77140000 of 64 bytes failed: 仅完成部分的 ReadProcessMemory 或 WriteProcessMemory 请求。 (0x12B)
[0119/172101.637:WARNING:pe_image_reader.cc(340)] could not read dos header from C:\Windows\System32\NSI.dll
[0119/172101.637:ERROR:process_memory_win.cc(73)] ReadMemory at 0x744e0000 of 64 bytes failed: 仅完成部分的 ReadProcessMemory 或 WriteProcessMemory 请求。 (0x12B)
[0119/172101.637:WARNING:pe_image_reader.cc(340)] could not read dos header from C:\Windows\SYSTEM32\WINMMBASE.dll
[0119/172101.637:ERROR:process_memory_win.cc(73)] ReadMemory at 0x76610000 of 64 bytes failed: 仅完成部分的 ReadProcessMemory 或 WriteProcessMemory 请求。 (0x12B)
[0119/172101.637:WARNING:pe_image_reader.cc(340)] could not read dos header from C:\Windows\System32\cfgmgr32.dll
[0119/172101.637:ERROR:process_memory_win.cc(73)] ReadMemory at 0x73620000 of 64 bytes failed: 仅完成部分的 ReadProcessMemory 或 WriteProcessMemory 请求。 (0x12B)
[0119/172101.637:WARNING:pe_image_reader.cc(340)] could not read dos header from C:\Windows\SYSTEM32\PROPSYS.dll
[0119/172101.637:ERROR:process_memory_win.cc(73)] ReadMemory at 0x766a0000 of 64 bytes failed: 仅完成部分的 ReadProcessMemory 或 WriteProcessMemory 请求。 (0x12B)
[0119/172101.638:WARNING:pe_image_reader.cc(340)] could not read dos header from C:\Windows\System32\shcore.dll
[0119/172101.638:ERROR:process_memory_win.cc(73)] ReadMemory at 0x76740000 of 64 bytes failed: 仅完成部分的 ReadProcessMemory 或 WriteProcessMemory 请求。 (0x12B)
[0119/172101.638:WARNING:pe_image_reader.cc(340)] could not read dos header from C:\Windows\System32\SHELL32.dll
[0119/172101.638:ERROR:process_memory_win.cc(73)] ReadMemory at 0x77430000 of 64 bytes failed: 仅完成部分的 ReadProcessMemory 或 WriteProcessMemory 请求。 (0x12B)
[0119/172101.638:WARNING:pe_image_reader.cc(340)] could not read dos header from C:\Windows\System32\windows.storage.dll
[0119/172101.638:ERROR:process_memory_win.cc(73)] ReadMemory at 0x76650000 of 64 bytes failed: 仅完成部分的 ReadProcessMemory 或 WriteProcessMemory 请求。 (0x12B)
[0119/172101.638:WARNING:pe_image_reader.cc(340)] could not read dos header from C:\Windows\System32\powrprof.dll
[0119/172101.638:ERROR:process_memory_win.cc(73)] ReadMemory at 0x76730000 of 64 bytes failed: 仅完成部分的 ReadProcessMemory 或 WriteProcessMemory 请求。 (0x12B)
[0119/172101.638:WARNING:pe_image_reader.cc(340)] could not read dos header from C:\Windows\System32\UMPDC.dll
[0119/172101.638:ERROR:process_memory_win.cc(73)] ReadMemory at 0x755d0000 of 64 bytes failed: 仅完成部分的 ReadProcessMemory 或 WriteProcessMemory 请求。 (0x12B)
[0119/172101.638:WARNING:pe_image_reader.cc(340)] could not read dos header from C:\Windows\System32\shlwapi.dll
[0119/172101.638:ERROR:process_memory_win.cc(73)] ReadMemory at 0x75510000 of 64 bytes failed: 仅完成部分的 ReadProcessMemory 或 WriteProcessMemory 请求。 (0x12B)
[0119/172101.638:WARNING:pe_image_reader.cc(340)] could not read dos header from C:\Windows\System32\GDI32.dll
[0119/172101.638:ERROR:process_memory_win.cc(73)] ReadMemory at 0x75a60000 of 64 bytes failed: 仅完成部分的 ReadProcessMemory 或 WriteProcessMemory 请求。 (0x12B)
[0119/172101.638:WARNING:pe_image_reader.cc(340)] could not read dos header from C:\Windows\System32\win32u.dll
[0119/172101.639:ERROR:process_memory_win.cc(73)] ReadMemory at 0x76ee0000 of 64 bytes failed: 仅完成部分的 ReadProcessMemory 或 WriteProcessMemory 请求。 (0x12B)
[0119/172101.639:WARNING:pe_image_reader.cc(340)] could not read dos header from C:\Windows\System32\gdi32full.dll
[0119/172101.639:ERROR:process_memory_win.cc(73)] ReadMemory at 0x77a60000 of 64 bytes failed: 仅完成部分的 ReadProcessMemory 或 WriteProcessMemory 请求。 (0x12B)
[0119/172101.639:WARNING:pe_image_reader.cc(340)] could not read dos header from C:\Windows\System32\USER32.dll
[0119/172101.639:ERROR:process_memory_win.cc(73)] ReadMemory at 0x75ae0000 of 64 bytes failed: 仅完成部分的 ReadProcessMemory 或 WriteProcessMemory 请求。 (0x12B)
[0119/172101.639:WARNING:pe_image_reader.cc(340)] could not read dos header from C:\Windows\System32\cryptsp.dll
[0119/172101.639:ERROR:process_memory_win.cc(73)] ReadMemory at 0x76190000 of 64 bytes failed: 仅完成部分的 ReadProcessMemory 或 WriteProcessMemory 请求。 (0x12B)
[0119/172101.639:WARNING:pe_image_reader.cc(340)] could not read dos header from C:\Windows\System32\IMM32.DLL
[0119/172101.746:ERROR:process_memory_win.cc(73)] ReadMemory at 0x4dd1000 of 61440 bytes failed: 仅完成部分的 ReadProcessMemory 或 WriteProcessMemory 请求。 (0x12B)
[0119/172101.746:ERROR:process_memory_win.cc(73)] ReadMemory at 0x6bae000 of 8192 bytes failed: 仅完成部分的 ReadProcessMemory 或 WriteProcessMemory 请求。 (0x12B)
[0119/172101.746:ERROR:process_memory_win.cc(73)] ReadMemory at 0x6e2e000 of 8192 bytes failed: 仅完成部分的 ReadProcessMemory 或 WriteProcessMemory 请求。 (0x12B)
[0119/172101.746:ERROR:process_memory_win.cc(73)] ReadMemory at 0x6f6d000 of 12288 bytes failed: 仅完成部分的 ReadProcessMemory 或 WriteProcessMemory 请求。 (0x12B)
[0119/172101.746:ERROR:process_memory_win.cc(73)] ReadMemory at 0x712f000 of 4096 bytes failed: 仅完成部分的 ReadProcessMemory 或 WriteProcessMemory 请求。 (0x12B)
[0119/172101.746:ERROR:process_memory_win.cc(73)] ReadMemory at 0x726e000 of 8192 bytes failed: 仅完成部分的 ReadProcessMemory 或 WriteProcessMemory 请求。 (0x12B)
[0119/172101.747:ERROR:process_memory_win.cc(73)] ReadMemory at 0x74fd000 of 12288 bytes failed: 仅完成部分的 ReadProcessMemory 或 WriteProcessMemory 请求。 (0x12B)
[0119/172101.747:ERROR:process_memory_win.cc(73)] ReadMemory at 0x7f7e000 of 8192 bytes failed: 仅完成部分的 ReadProcessMemory 或 WriteProcessMemory 请求。 (0x12B)
[0119/172101.747:ERROR:process_memory_win.cc(73)] ReadMemory at 0x777c000 of 16384 bytes failed: 仅完成部分的 ReadProcessMemory 或 WriteProcessMemory 请求。 (0x12B)
[0119/172101.747:ERROR:process_memory_win.cc(73)] ReadMemory at 0x7acc000 of 16384 bytes failed: 仅完成部分的 ReadProcessMemory 或 WriteProcessMemory 请求。 (0x12B)
[0119/172101.747:ERROR:process_memory_win.cc(73)] ReadMemory at 0x4b39f80 of 688 bytes failed: 仅完成部分的 ReadProcessMemory 或 WriteProcessMemory 请求。 (0x12B)
[0119/172101.747:ERROR:process_memory_win.cc(73)] ReadMemory at 0x4b3d000 of 3992 bytes failed: 仅完成部分的 ReadProcessMemory 或 WriteProcessMemory 请求。 (0x12B)
[0119/172101.748:ERROR:process_memory_win.cc(73)] ReadMemory at 0x4b40000 of 3992 bytes failed: 仅完成部分的 ReadProcessMemory 或 WriteProcessMemory 请求。 (0x12B)
[0119/172101.748:ERROR:process_memory_win.cc(73)] ReadMemory at 0x4b46000 of 3992 bytes failed: 仅完成部分的 ReadProcessMemory 或 WriteProcessMemory 请求。 (0x12B)
[0119/172101.748:ERROR:process_memory_win.cc(73)] ReadMemory at 0x4b49000 of 3992 bytes failed: 仅完成部分的 ReadProcessMemory 或 WriteProcessMemory 请求。 (0x12B)
[0119/172101.749:ERROR:process_memory_win.cc(73)] ReadMemory at 0x4b4c000 of 3992 bytes failed: 仅完成部分的 ReadProcessMemory 或 WriteProcessMemory 请求。 (0x12B)
[0119/172101.749:ERROR:process_memory_win.cc(73)] ReadMemory at 0x4b4f000 of 3992 bytes failed: 仅完成部分的 ReadProcessMemory 或 WriteProcessMemory 请求。 (0x12B)
[0119/172101.749:ERROR:process_memory_win.cc(73)] ReadMemory at 0x4b52000 of 3992 bytes failed: 仅完成部分的 ReadProcessMemory 或 WriteProcessMemory 请求。 (0x12B)
[0119/172101.750:ERROR:process_memory_win.cc(73)] ReadMemory at 0x4b58000 of 3992 bytes failed: 仅完成部分的 ReadProcessMemory 或 WriteProcessMemory 请求。 (0x12B)
[0119/172101.750:ERROR:process_memory_win.cc(73)] ReadMemory at 0x4b5b000 of 3992 bytes failed: 仅完成部分的 ReadProcessMemory 或 WriteProcessMemory 请求。 (0x12B)
[0119/172101.751:ERROR:process_memory_win.cc(73)] ReadMemory at 0x4b5e000 of 3992 bytes failed: 仅完成部分的 ReadProcessMemory 或 WriteProcessMemory 请求。 (0x12B)
[0119/172101.751:ERROR:process_memory_win.cc(73)] ReadMemory at 0x4e60af0 of 8294 bytes failed: 仅完成部分的 ReadProcessMemory 或 WriteProcessMemory 请求。 (0x12B)
[0119/172101.751:ERROR:process_memory_win.cc(73)] ReadMemory at 0x4e62b60 of 660 bytes failed: 仅完成部分的 ReadProcessMemory 或 WriteProcessMemory 请求。 (0x12B)
[0119/172101.751:ERROR:process_memory_win.cc(73)] ReadMemory at 0x4e63024 of 118 bytes failed: 仅完成部分的 ReadProcessMemory 或 WriteProcessMemory 请求。 (0x12B)
[0119/172101.751:ERROR:process_memory_win.cc(73)] ReadMemory at 0x4e6309c of 1232 bytes failed: 仅完成部分的 ReadProcessMemory 或 WriteProcessMemory 请求。 (0x12B)
[0119/172101.752:ERROR:process_memory_win.cc(73)] ReadMemory at 0x4e6356e of 118 bytes failed: 仅完成部分的 ReadProcessMemory 或 WriteProcessMemory 请求。 (0x12B)
[0119/172101.752:ERROR:process_memory_win.cc(73)] ReadMemory at 0x4e635e6 of 96 bytes failed: 仅完成部分的 ReadProcessMemory 或 WriteProcessMemory 请求。 (0x12B)
[0119/172101.752:ERROR:process_memory_win.cc(73)] ReadMemory at 0x4e656b8 of 58 bytes failed: 仅完成部分的 ReadProcessMemory 或 WriteProcessMemory 请求。 (0x12B)
[0119/172101.752:ERROR:process_memory_win.cc(73)] ReadMemory at 0x4e657a8 of 72 bytes failed: 仅完成部分的 ReadProcessMemory 或 WriteProcessMemory 请求。 (0x12B)
[0119/172101.752:ERROR:process_memory_win.cc(73)] ReadMemory at 0x4e65890 of 72 bytes failed: 仅完成部分的 ReadProcessMemory 或 WriteProcessMemory 请求。 (0x12B)
[0119/172101.752:ERROR:process_memory_win.cc(73)] ReadMemory at 0x4e65990 of 124 bytes failed: 仅完成部分的 ReadProcessMemory 或 WriteProcessMemory 请求。 (0x12B)
[0119/172101.752:ERROR:process_memory_win.cc(73)] ReadMemory at 0x4e65cc0 of 72 bytes failed: 仅完成部分的 ReadProcessMemory 或 WriteProcessMemory 请求。 (0x12B)
[0119/172101.753:ERROR:process_memory_win.cc(73)] ReadMemory at 0x4e65da8 of 64 bytes failed: 仅完成部分的 ReadProcessMemory 或 WriteProcessMemory 请求。 (0x12B)
[0119/172101.753:ERROR:process_memory_win.cc(73)] ReadMemory at 0x4e65e90 of 72 bytes failed: 仅完成部分的 ReadProcessMemory 或 WriteProcessMemory 请求。 (0x12B)
[0119/172101.753:ERROR:process_memory_win.cc(73)] ReadMemory at 0x4e66020 of 72 bytes failed: 仅完成部分的 ReadProcessMemory 或 WriteProcessMemory 请求。 (0x12B)
[0119/172101.753:ERROR:process_memory_win.cc(73)] ReadMemory at 0x4e66108 of 68 bytes failed: 仅完成部分的 ReadProcessMemory 或 WriteProcessMemory 请求。 (0x12B)
[0119/172101.753:ERROR:process_memory_win.cc(73)] ReadMemory at 0x4e66c00 of 72 bytes failed: 仅完成部分的 ReadProcessMemory 或 WriteProcessMemory 请求。 (0x12B)
[0119/172101.753:ERROR:process_memory_win.cc(73)] ReadMemory at 0x4e66ce8 of 152 bytes failed: 仅完成部分的 ReadProcessMemory 或 WriteProcessMemory 请求。 (0x12B)
[0119/172101.754:ERROR:process_memory_win.cc(73)] ReadMemory at 0x4e67858 of 60 bytes failed: 仅完成部分的 ReadProcessMemory 或 WriteProcessMemory 请求。 (0x12B)
[0119/172101.754:ERROR:process_memory_win.cc(73)] ReadMemory at 0x4e678a8 of 62 bytes failed: 仅完成部分的 ReadProcessMemory 或 WriteProcessMemory 请求。 (0x12B)
[0119/172101.754:ERROR:process_memory_win.cc(73)] ReadMemory at 0x4e67980 of 72 bytes failed: 仅完成部分的 ReadProcessMemory 或 WriteProcessMemory 请求。 (0x12B)
[0119/172101.754:ERROR:process_memory_win.cc(73)] ReadMemory at 0x4e72fc8 of 58 bytes failed: 仅完成部分的 ReadProcessMemory 或 WriteProcessMemory 请求。 (0x12B)
[0119/172101.754:ERROR:process_memory_win.cc(73)] ReadMemory at 0x4e730a0 of 58 bytes failed: 仅完成部分的 ReadProcessMemory 或 WriteProcessMemory 请求。 (0x12B)
[0119/172101.754:ERROR:process_memory_win.cc(73)] ReadMemory at 0x4e73178 of 60 bytes failed: 仅完成部分的 ReadProcessMemory 或 WriteProcessMemory 请求。 (0x12B)
[0119/172101.755:ERROR:process_memory_win.cc(73)] ReadMemory at 0x4e73298 of 62 bytes failed: 仅完成部分的 ReadProcessMemory 或 WriteProcessMemory 请求。 (0x12B)
[0119/172101.755:ERROR:process_memory_win.cc(73)] ReadMemory at 0x4e73328 of 58 bytes failed: 仅完成部分的 ReadProcessMemory 或 WriteProcessMemory 请求。 (0x12B)
[0119/172101.755:ERROR:process_memory_win.cc(73)] ReadMemory at 0x4e735b0 of 60 bytes failed: 仅完成部分的 ReadProcessMemory 或 WriteProcessMemory 请求。 (0x12B)
[0119/172101.755:ERROR:process_memory_win.cc(73)] ReadMemory at 0x4e736d0 of 62 bytes failed: 仅完成部分的 ReadProcessMemory 或 WriteProcessMemory 请求。 (0x12B)
[0119/172101.755:ERROR:process_memory_win.cc(73)] ReadMemory at 0x4e73718 of 62 bytes failed: 仅完成部分的 ReadProcessMemory 或 WriteProcessMemory 请求。 (0x12B)
[0119/172101.755:ERROR:process_memory_win.cc(73)] ReadMemory at 0x4e73b80 of 64 bytes failed: 仅完成部分的 ReadProcessMemory 或 WriteProcessMemory 请求。 (0x12B)
[0119/172101.755:ERROR:process_memory_win.cc(73)] ReadMemory at 0x4e73be8 of 72 bytes failed: 仅完成部分的 ReadProcessMemory 或 WriteProcessMemory 请求。 (0x12B)
[0119/172101.756:ERROR:process_memory_win.cc(73)] ReadMemory at 0x4e73c98 of 80 bytes failed: 仅完成部分的 ReadProcessMemory 或 WriteProcessMemory 请求。 (0x12B)
[0119/172101.756:ERROR:process_memory_win.cc(73)] ReadMemory at 0x4e74288 of 66 bytes failed: 仅完成部分的 ReadProcessMemory 或 WriteProcessMemory 请求。 (0x12B)
[0119/172101.756:ERROR:process_memory_win.cc(73)] ReadMemory at 0x4e74310 of 66 bytes failed: 仅完成部分的 ReadProcessMemory 或 WriteProcessMemory 请求。 (0x12B)
[0119/172101.756:ERROR:process_memory_win.cc(73)] ReadMemory at 0x4e781e0 of 80 bytes failed: 仅完成部分的 ReadProcessMemory 或 WriteProcessMemory 请求。 (0x12B)
[0119/172101.756:ERROR:process_memory_win.cc(73)] ReadMemory at 0x4e79ee0 of 54 bytes failed: 仅完成部分的 ReadProcessMemory 或 WriteProcessMemory 请求。 (0x12B)
[0119/172101.756:ERROR:process_memory_win.cc(73)] ReadMemory at 0x4e7a4f8 of 72 bytes failed: 仅完成部分的 ReadProcessMemory 或 WriteProcessMemory 请求。 (0x12B)
[0119/172101.756:ERROR:process_memory_win.cc(73)] ReadMemory at 0x4e7a5a8 of 72 bytes failed: 仅完成部分的 ReadProcessMemory 或 WriteProcessMemory 请求。 (0x12B)
[0119/172101.757:ERROR:process_memory_win.cc(73)] ReadMemory at 0x4e7a658 of 72 bytes failed: 仅完成部分的 ReadProcessMemory 或 WriteProcessMemory 请求。 (0x12B)
[0119/172101.757:ERROR:process_memory_win.cc(73)] ReadMemory at 0x4e7a708 of 72 bytes failed: 仅完成部分的 ReadProcessMemory 或 WriteProcessMemory 请求。 (0x12B)
[0119/172101.757:ERROR:process_memory_win.cc(73)] ReadMemory at 0x4e7a7b8 of 72 bytes failed: 仅完成部分的 ReadProcessMemory 或 WriteProcessMemory 请求。 (0x12B)
[0119/172101.757:ERROR:process_memory_win.cc(73)] ReadMemory at 0x4e7a868 of 72 bytes failed: 仅完成部分的 ReadProcessMemory 或 WriteProcessMemory 请求。 (0x12B)
[0119/172101.757:ERROR:process_memory_win.cc(73)] ReadMemory at 0x4e7a9c8 of 72 bytes failed: 仅完成部分的 ReadProcessMemory 或 WriteProcessMemory 请求。 (0x12B)
[0119/172101.757:ERROR:process_memory_win.cc(73)] ReadMemory at 0x4e7aa78 of 72 bytes failed: 仅完成部分的 ReadProcessMemory 或 WriteProcessMemory 请求。 (0x12B)
[0119/172101.757:ERROR:process_memory_win.cc(73)] ReadMemory at 0x4e7ab28 of 72 bytes failed: 仅完成部分的 ReadProcessMemory 或 WriteProcessMemory 请求。 (0x12B)
[0119/172101.758:ERROR:process_memory_win.cc(73)] ReadMemory at 0x4e7abd8 of 72 bytes failed: 仅完成部分的 ReadProcessMemory 或 WriteProcessMemory 请求。 (0x12B)
[0119/172101.758:ERROR:process_memory_win.cc(73)] ReadMemory at 0x4e7ac88 of 72 bytes failed: 仅完成部分的 ReadProcessMemory 或 WriteProcessMemory 请求。 (0x12B)
[0119/172101.758:ERROR:process_memory_win.cc(73)] ReadMemory at 0x4e7ad38 of 72 bytes failed: 仅完成部分的 ReadProcessMemory 或 WriteProcessMemory 请求。 (0x12B)
[0119/172101.758:ERROR:process_memory_win.cc(73)] ReadMemory at 0x4e7ade8 of 72 bytes failed: 仅完成部分的 ReadProcessMemory 或 WriteProcessMemory 请求。 (0x12B)
[0119/172101.758:ERROR:process_memory_win.cc(73)] ReadMemory at 0x4e7ae98 of 72 bytes failed: 仅完成部分的 ReadProcessMemory 或 WriteProcessMemory 请求。 (0x12B)
[0119/172101.758:ERROR:process_memory_win.cc(73)] ReadMemory at 0x4e7af48 of 72 bytes failed: 仅完成部分的 ReadProcessMemory 或 WriteProcessMemory 请求。 (0x12B)
[0119/172101.758:ERROR:process_memory_win.cc(73)] ReadMemory at 0x4e7aff8 of 72 bytes failed: 仅完成部分的 ReadProcessMemory 或 WriteProcessMemory 请求。 (0x12B)
[0119/172101.758:ERROR:process_memory_win.cc(73)] ReadMemory at 0x4e7b0a8 of 72 bytes failed: 仅完成部分的 ReadProcessMemory 或 WriteProcessMemory 请求。 (0x12B)
[0119/172101.759:ERROR:process_memory_win.cc(73)] ReadMemory at 0x4e7b158 of 72 bytes failed: 仅完成部分的 ReadProcessMemory 或 WriteProcessMemory 请求。 (0x12B)
[0119/172101.759:ERROR:process_memory_win.cc(73)] ReadMemory at 0x4e7b208 of 72 bytes failed: 仅完成部分的 ReadProcessMemory 或 WriteProcessMemory 请求。 (0x12B)
[0119/172101.759:ERROR:process_memory_win.cc(73)] ReadMemory at 0x4e7b2b8 of 72 bytes failed: 仅完成部分的 ReadProcessMemory 或 WriteProcessMemory 请求。 (0x12B)
[0119/172101.759:ERROR:process_memory_win.cc(73)] ReadMemory at 0x4e7b368 of 72 bytes failed: 仅完成部分的 ReadProcessMemory 或 WriteProcessMemory 请求。 (0x12B)
[0119/172101.759:ERROR:process_memory_win.cc(73)] ReadMemory at 0x4e7b418 of 72 bytes failed: 仅完成部分的 ReadProcessMemory 或 WriteProcessMemory 请求。 (0x12B)
[0119/172101.759:ERROR:process_memory_win.cc(73)] ReadMemory at 0x4e7bcb8 of 64 bytes failed: 仅完成部分的 ReadProcessMemory 或 WriteProcessMemory 请求。 (0x12B)
[0119/172101.760:ERROR:process_memory_win.cc(73)] ReadMemory at 0x4e7bd08 of 144 bytes failed: 仅完成部分的 ReadProcessMemory 或 WriteProcessMemory 请求。 (0x12B)
[0119/172101.760:ERROR:process_memory_win.cc(73)] ReadMemory at 0x4e7d7c8 of 64 bytes failed: 仅完成部分的 ReadProcessMemory 或 WriteProcessMemory 请求。 (0x12B)
[0119/172101.760:ERROR:process_memory_win.cc(73)] ReadMemory at 0x4e7d818 of 66 bytes failed: 仅完成部分的 ReadProcessMemory 或 WriteProcessMemory 请求。 (0x12B)
[0119/172101.760:ERROR:process_memory_win.cc(73)] ReadMemory at 0x4e7da48 of 66 bytes failed: 仅完成部分的 ReadProcessMemory 或 WriteProcessMemory 请求。 (0x12B)
[0119/172101.760:ERROR:process_memory_win.cc(73)] ReadMemory at 0x4e7db38 of 64 bytes failed: 仅完成部分的 ReadProcessMemory 或 WriteProcessMemory 请求。 (0x12B)
[0119/172101.760:ERROR:process_memory_win.cc(73)] ReadMemory at 0x4e7db88 of 64 bytes failed: 仅完成部分的 ReadProcessMemory 或 WriteProcessMemory 请求。 (0x12B)
[0119/172101.760:ERROR:process_memory_win.cc(73)] ReadMemory at 0x4e7dbd8 of 64 bytes failed: 仅完成部分的 ReadProcessMemory 或 WriteProcessMemory 请求。 (0x12B)
[0119/172101.760:ERROR:process_memory_win.cc(73)] ReadMemory at 0x4e7dd18 of 64 bytes failed: 仅完成部分的 ReadProcessMemory 或 WriteProcessMemory 请求。 (0x12B)
[0119/172101.761:ERROR:process_memory_win.cc(73)] ReadMemory at 0x4e7ddb8 of 64 bytes failed: 仅完成部分的 ReadProcessMemory 或 WriteProcessMemory 请求。 (0x12B)
[0119/172101.761:ERROR:process_memory_win.cc(73)] ReadMemory at 0x4e7dea8 of 64 bytes failed: 仅完成部分的 ReadProcessMemory 或 WriteProcessMemory 请求。 (0x12B)
[0119/172101.761:ERROR:process_memory_win.cc(73)] ReadMemory at 0x4e7f0f8 of 62 bytes failed: 仅完成部分的 ReadProcessMemory 或 WriteProcessMemory 请求。 (0x12B)
[0119/172101.761:ERROR:process_memory_win.cc(73)] ReadMemory at 0x4e7f140 of 60 bytes failed: 仅完成部分的 ReadProcessMemory 或 WriteProcessMemory 请求。 (0x12B)
[0119/172101.761:ERROR:process_memory_win.cc(73)] ReadMemory at 0x4e7f2f0 of 58 bytes failed: 仅完成部分的 ReadProcessMemory 或 WriteProcessMemory 请求。 (0x12B)
[0119/172101.761:ERROR:process_memory_win.cc(73)] ReadMemory at 0x4e7f338 of 62 bytes failed: 仅完成部分的 ReadProcessMemory 或 WriteProcessMemory 请求。 (0x12B)
[0119/172101.762:ERROR:process_memory_win.cc(73)] ReadMemory at 0x4e7f380 of 62 bytes failed: 仅完成部分的 ReadProcessMemory 或 WriteProcessMemory 请求。 (0x12B)
[0119/172101.762:ERROR:process_memory_win.cc(73)] ReadMemory at 0x4e7f410 of 60 bytes failed: 仅完成部分的 ReadProcessMemory 或 WriteProcessMemory 请求。 (0x12B)
[0119/172101.762:ERROR:process_memory_win.cc(73)] ReadMemory at 0x4e7f530 of 62 bytes failed: 仅完成部分的 ReadProcessMemory 或 WriteProcessMemory 请求。 (0x12B)
[0119/172101.762:ERROR:process_memory_win.cc(73)] ReadMemory at 0x4e7f608 of 60 bytes failed: 仅完成部分的 ReadProcessMemory 或 WriteProcessMemory 请求。 (0x12B)
[0119/172101.762:ERROR:process_memory_win.cc(73)] ReadMemory at 0x4e7f650 of 62 bytes failed: 仅完成部分的 ReadProcessMemory 或 WriteProcessMemory 请求。 (0x12B)
[0119/172101.762:ERROR:process_memory_win.cc(73)] ReadMemory at 0x4e7f6e0 of 62 bytes failed: 仅完成部分的 ReadProcessMemory 或 WriteProcessMemory 请求。 (0x12B)
[0119/172101.762:ERROR:process_memory_win.cc(73)] ReadMemory at 0x4e7f728 of 60 bytes failed: 仅完成部分的 ReadProcessMemory 或 WriteProcessMemory 请求。 (0x12B)
[0119/172101.763:ERROR:process_memory_win.cc(73)] ReadMemory at 0x4e7f800 of 62 bytes failed: 仅完成部分的 ReadProcessMemory 或 WriteProcessMemory 请求。 (0x12B)
[0119/172101.763:ERROR:process_memory_win.cc(73)] ReadMemory at 0x4e7f848 of 60 bytes failed: 仅完成部分的 ReadProcessMemory 或 WriteProcessMemory 请求。 (0x12B)
[0119/172101.763:ERROR:process_memory_win.cc(73)] ReadMemory at 0x4e7f8d8 of 62 bytes failed: 仅完成部分的 ReadProcessMemory 或 WriteProcessMemory 请求。 (0x12B)
[0119/172101.763:ERROR:process_memory_win.cc(73)] ReadMemory at 0x4e7fbf0 of 60 bytes failed: 仅完成部分的 ReadProcessMemory 或 WriteProcessMemory 请求。 (0x12B)
[0119/172101.763:ERROR:process_memory_win.cc(73)] ReadMemory at 0x4e7fd58 of 62 bytes failed: 仅完成部分的 ReadProcessMemory 或 WriteProcessMemory 请求。 (0x12B)
[0119/172101.763:ERROR:process_memory_win.cc(73)] ReadMemory at 0x4e7fde8 of 62 bytes failed: 仅完成部分的 ReadProcessMemory 或 WriteProcessMemory 请求。 (0x12B)
[0119/172101.764:ERROR:process_memory_win.cc(73)] ReadMemory at 0x4e80a58 of 76 bytes failed: 仅完成部分的 ReadProcessMemory 或 WriteProcessMemory 请求。 (0x12B)
[0119/172101.764:ERROR:process_memory_win.cc(73)] ReadMemory at 0x4e80c68 of 78 bytes failed: 仅完成部分的 ReadProcessMemory 或 WriteProcessMemory 请求。 (0x12B)
[0119/172101.764:ERROR:process_memory_win.cc(73)] ReadMemory at 0x4e83358 of 72 bytes failed: 仅完成部分的 ReadProcessMemory 或 WriteProcessMemory 请求。 (0x12B)
[0119/172101.764:ERROR:process_memory_win.cc(73)] ReadMemory at 0x4e83408 of 72 bytes failed: 仅完成部分的 ReadProcessMemory 或 WriteProcessMemory 请求。 (0x12B)
[0119/172101.764:ERROR:process_memory_win.cc(73)] ReadMemory at 0x4e83778 of 72 bytes failed: 仅完成部分的 ReadProcessMemory 或 WriteProcessMemory 请求。 (0x12B)
[0119/172101.764:ERROR:process_memory_win.cc(73)] ReadMemory at 0x4e83988 of 72 bytes failed: 仅完成部分的 ReadProcessMemory 或 WriteProcessMemory 请求。 (0x12B)
[0119/172101.765:ERROR:process_memory_win.cc(73)] ReadMemory at 0x4e83a38 of 72 bytes failed: 仅完成部分的 ReadProcessMemory 或 WriteProcessMemory 请求。 (0x12B)
[0119/172101.765:ERROR:process_memory_win.cc(73)] ReadMemory at 0x4e83c48 of 72 bytes failed: 仅完成部分的 ReadProcessMemory 或 WriteProcessMemory 请求。 (0x12B)
[0119/172101.765:ERROR:process_memory_win.cc(73)] ReadMemory at 0x4e83cf8 of 72 bytes failed: 仅完成部分的 ReadProcessMemory 或 WriteProcessMemory 请求。 (0x12B)
[0119/172101.765:ERROR:process_memory_win.cc(73)] ReadMemory at 0x4e83da8 of 72 bytes failed: 仅完成部分的 ReadProcessMemory 或 WriteProcessMemory 请求。 (0x12B)
[0119/172101.765:ERROR:process_memory_win.cc(73)] ReadMemory at 0x4e83e58 of 72 bytes failed: 仅完成部分的 ReadProcessMemory 或 WriteProcessMemory 请求。 (0x12B)
[0119/172101.766:ERROR:process_memory_win.cc(73)] ReadMemory at 0x4e83f08 of 72 bytes failed: 仅完成部分的 ReadProcessMemory 或 WriteProcessMemory 请求。 (0x12B)
[0119/172101.766:ERROR:process_memory_win.cc(73)] ReadMemory at 0x4e84068 of 72 bytes failed: 仅完成部分的 ReadProcessMemory 或 WriteProcessMemory 请求。 (0x12B)
[0119/172101.766:ERROR:process_memory_win.cc(73)] ReadMemory at 0x4e84118 of 72 bytes failed: 仅完成部分的 ReadProcessMemory 或 WriteProcessMemory 请求。 (0x12B)
[0119/172101.766:ERROR:process_memory_win.cc(73)] ReadMemory at 0x4e841c8 of 72 bytes failed: 仅完成部分的 ReadProcessMemory 或 WriteProcessMemory 请求。 (0x12B)
[0119/172101.767:ERROR:process_memory_win.cc(73)] ReadMemory at 0x4e84278 of 72 bytes failed: 仅完成部分的 ReadProcessMemory 或 WriteProcessMemory 请求。 (0x12B)
[0119/172101.774:ERROR:process_memory_win.cc(73)] ReadMemory at 0x4e84328 of 72 bytes failed: 仅完成部分的 ReadProcessMemory 或 WriteProcessMemory 请求。 (0x12B)
[0119/172101.775:ERROR:process_memory_win.cc(73)] ReadMemory at 0x4e843d8 of 72 bytes failed: 仅完成部分的 ReadProcessMemory 或 WriteProcessMemory 请求。 (0x12B)
[0119/172101.775:ERROR:process_memory_win.cc(73)] ReadMemory at 0x4e84488 of 72 bytes failed: 仅完成部分的 ReadProcessMemory 或 WriteProcessMemory 请求。 (0x12B)
[0119/172101.775:ERROR:process_memory_win.cc(73)] ReadMemory at 0x4e84538 of 72 bytes failed: 仅完成部分的 ReadProcessMemory 或 WriteProcessMemory 请求。 (0x12B)
[0119/172101.775:ERROR:process_memory_win.cc(73)] ReadMemory at 0x4e84698 of 72 bytes failed: 仅完成部分的 ReadProcessMemory 或 WriteProcessMemory 请求。 (0x12B)
[0119/172101.775:ERROR:process_memory_win.cc(73)] ReadMemory at 0x4e84748 of 72 bytes failed: 仅完成部分的 ReadProcessMemory 或 WriteProcessMemory 请求。 (0x12B)
[0119/172101.775:ERROR:process_memory_win.cc(73)] ReadMemory at 0x4e847f8 of 72 bytes failed: 仅完成部分的 ReadProcessMemory 或 WriteProcessMemory 请求。 (0x12B)
[0119/172101.776:ERROR:process_memory_win.cc(73)] ReadMemory at 0x4ec1e80 of 528 bytes failed: 仅完成部分的 ReadProcessMemory 或 WriteProcessMemory 请求。 (0x12B)
[0119/172101.776:ERROR:process_memory_win.cc(73)] ReadMemory at 0x4ed0608 of 512 bytes failed: 仅完成部分的 ReadProcessMemory 或 WriteProcessMemory 请求。 (0x12B)
[0119/172101.776:ERROR:process_memory_win.cc(73)] ReadMemory at 0x4edba28 of 600 bytes failed: 仅完成部分的 ReadProcessMemory 或 WriteProcessMemory 请求。 (0x12B)
[0119/172101.776:ERROR:process_memory_win.cc(73)] ReadMemory at 0x4f1da80 of 512 bytes failed: 仅完成部分的 ReadProcessMemory 或 WriteProcessMemory 请求。 (0x12B)
[0119/172101.777:ERROR:process_memory_win.cc(73)] ReadMemory at 0x727c5c0 of 512 bytes failed: 仅完成部分的 ReadProcessMemory 或 WriteProcessMemory 请求。 (0x12B)
[0119/172101.777:ERROR:process_memory_win.cc(73)] ReadMemory at 0x8567994 of 512 bytes failed: 仅完成部分的 ReadProcessMemory 或 WriteProcessMemory 请求。 (0x12B)
[0119/172101.777:ERROR:process_memory_win.cc(73)] ReadMemory at 0x51f90f9b of 512 bytes failed: 仅完成部分的 ReadProcessMemory 或 WriteProcessMemory 请求。 (0x12B)
[0119/172101.777:ERROR:process_memory_win.cc(73)] ReadMemory at 0x57efd820 of 512 bytes failed: 仅完成部分的 ReadProcessMemory 或 WriteProcessMemory 请求。 (0x12B)
[0119/172101.777:ERROR:process_memory_win.cc(73)] ReadMemory at 0x760a19e0 of 512 bytes failed: 仅完成部分的 ReadProcessMemory 或 WriteProcessMemory 请求。 (0x12B)
[0119/172101.778:ERROR:process_memory_win.cc(73)] ReadMemory at 0x77264652 of 512 bytes failed: 仅完成部分的 ReadProcessMemory 或 WriteProcessMemory 请求。 (0x12B)
[0119/172101.778:ERROR:process_memory_win.cc(73)] ReadMemory at 0x77d29260 of 18 bytes failed: 仅完成部分的 ReadProcessMemory 或 WriteProcessMemory 请求。 (0x12B)
[0119/172101.778:ERROR:process_memory_win.cc(73)] ReadMemory at 0x77d57ee0 of 512 bytes failed: 仅完成部分的 ReadProcessMemory 或 WriteProcessMemory 请求。 (0x12B)
[0119/172101.778:ERROR:process_memory_win.cc(73)] ReadMemory at 0x77d92ebc of 592 bytes failed: 仅完成部分的 ReadProcessMemory 或 WriteProcessMemory 请求。 (0x12B)
[0119/172101.778:ERROR:process_memory_win.cc(73)] ReadMemory at 0x77d931dc of 512 bytes failed: 仅完成部分的 ReadProcessMemory 或 WriteProcessMemory 请求。 (0x12B)
[0119/172101.778:ERROR:process_memory_win.cc(73)] ReadMemory at 0x77d94b3c of 560 bytes failed: 仅完成部分的 ReadProcessMemory 或 WriteProcessMemory 请求。 (0x12B)
[0119/172101.778:ERROR:process_memory_win.cc(73)] ReadMemory at 0x77e3b3d0 of 24 bytes failed: 仅完成部分的 ReadProcessMemory 或 WriteProcessMemory 请求。 (0x12B)
[0119/172101.778:ERROR:process_memory_win.cc(73)] ReadMemory at 0x77e3b76c of 32 bytes failed: 仅完成部分的 ReadProcessMemory 或 WriteProcessMemory 请求。 (0x12B)
[0119/172101.779:ERROR:process_memory_win.cc(73)] ReadMemory at 0x77e3dca0 of 36 bytes failed: 仅完成部分的 ReadProcessMemory 或 WriteProcessMemory 请求。 (0x12B)
[0119/172101.782:ERROR:scoped_process_suspend.cc(40)] NtResumeProcess: 已尝试访问正在退出的过程。 (0xc000010a)
[0120/104823.160:ERROR:process_info.cc(359)] UncheckedAllocate
[0120/104823.172:ERROR:process_reader_win.cc(90)] NtQuerySystemInformation: {没有足够配额} 没有足够的虚拟内存或分页文件配额以完成指定的操作。 (0xc0000017)
[0120/104823.174:ERROR:exception_snapshot_win.cc(98)] thread ID 13132 not found in process
[0120/104905.086:ERROR:process_info.cc(375)] NtQuerySystemInformation SystemExtendedHandleInformation: {没有足够配额} 没有足够的虚拟内存或分页文件配额以完成指定的操作。 (0xc0000017)
[0120/104907.511:ERROR:process_info.cc(375)] NtQuerySystemInformation SystemExtendedHandleInformation: {没有足够配额} 没有足够的虚拟内存或分页文件配额以完成指定的操作。 (0xc0000017)
[0120/160851.087:ERROR:process_reader_win.cc(188)] ResumeThread: 参数错误。 (0x57)
[0120/160851.091:ERROR:process_reader_win.cc(151)] SuspendThread: 拒绝访问。 (0x5)
[0120/160851.091:ERROR:process_reader_win.cc(151)] SuspendThread: 拒绝访问。 (0x5)
[0120/160851.091:ERROR:process_reader_win.cc(151)] SuspendThread: 拒绝访问。 (0x5)
[0120/160851.091:ERROR:process_reader_win.cc(151)] SuspendThread: 拒绝访问。 (0x5)
[0120/160851.091:ERROR:process_reader_win.cc(151)] SuspendThread: 拒绝访问。 (0x5)
[0120/160851.221:ERROR:process_memory_win.cc(73)] ReadMemory at 0xf50000 of 64 bytes failed: 仅完成部分的 ReadProcessMemory 或 WriteProcessMemory 请求。 (0x12B)
[0120/160851.222:WARNING:pe_image_reader.cc(340)] could not read dos header from C:\Program Files (x86)\Google\Chrome\Application\chrome.exe
[0120/160851.222:ERROR:process_memory_win.cc(73)] ReadMemory at 0x56bb538 of 44 bytes failed: 仅完成部分的 ReadProcessMemory 或 WriteProcessMemory 请求。 (0x12B)
[0120/160851.222:WARNING:pe_image_annotations_reader.cc(134)] could not read annotations list object in C:\Program Files (x86)\Google\Chrome\Application\84.0.4147.89\chrome_elf.dll
[0120/160851.222:ERROR:process_memory_win.cc(73)] ReadMemory at 0xfe90000 of 64 bytes failed: 仅完成部分的 ReadProcessMemory 或 WriteProcessMemory 请求。 (0x12B)
[0120/160851.222:WARNING:pe_image_reader.cc(340)] could not read dos header from C:\Program Files (x86)\Google\Chrome\Application\84.0.4147.89\chrome.dll
[0120/160851.284:ERROR:process_memory_win.cc(73)] ReadMemory at 0xe41000 of 61440 bytes failed: 仅完成部分的 ReadProcessMemory 或 WriteProcessMemory 请求。 (0x12B)
[0120/160851.285:ERROR:process_memory_win.cc(73)] ReadMemory at 0x712e000 of 8192 bytes failed: 仅完成部分的 ReadProcessMemory 或 WriteProcessMemory 请求。 (0x12B)
[0120/160851.285:ERROR:process_memory_win.cc(73)] ReadMemory at 0x722e000 of 8192 bytes failed: 仅完成部分的 ReadProcessMemory 或 WriteProcessMemory 请求。 (0x12B)
[0120/160851.285:ERROR:process_memory_win.cc(73)] ReadMemory at 0x732d000 of 12288 bytes failed: 仅完成部分的 ReadProcessMemory 或 WriteProcessMemory 请求。 (0x12B)
[0120/160851.285:ERROR:process_memory_win.cc(73)] ReadMemory at 0x742e000 of 8192 bytes failed: 仅完成部分的 ReadProcessMemory 或 WriteProcessMemory 请求。 (0x12B)
[0120/160851.286:ERROR:process_memory_win.cc(73)] ReadMemory at 0x75af000 of 4096 bytes failed: 仅完成部分的 ReadProcessMemory 或 WriteProcessMemory 请求。 (0x12B)
[0120/160851.286:ERROR:process_memory_win.cc(73)] ReadMemory at 0x76ee000 of 8192 bytes failed: 仅完成部分的 ReadProcessMemory 或 WriteProcessMemory 请求。 (0x12B)
[0120/160851.286:ERROR:process_memory_win.cc(73)] ReadMemory at 0x792d000 of 12288 bytes failed: 仅完成部分的 ReadProcessMemory 或 WriteProcessMemory 请求。 (0x12B)
[0120/160851.286:ERROR:process_memory_win.cc(73)] ReadMemory at 0x7a6e000 of 8192 bytes failed: 仅完成部分的 ReadProcessMemory 或 WriteProcessMemory 请求。 (0x12B)
[0120/160851.286:ERROR:process_memory_win.cc(73)] ReadMemory at 0x83ae000 of 8192 bytes failed: 仅完成部分的 ReadProcessMemory 或 WriteProcessMemory 请求。 (0x12B)
[0120/160851.286:ERROR:process_memory_win.cc(73)] ReadMemory at 0x84ec000 of 16384 bytes failed: 仅完成部分的 ReadProcessMemory 或 WriteProcessMemory 请求。 (0x12B)
[0120/160851.287:ERROR:process_memory_win.cc(73)] ReadMemory at 0x7bab000 of 20480 bytes failed: 仅完成部分的 ReadProcessMemory 或 WriteProcessMemory 请求。 (0x12B)
[0120/160851.287:ERROR:process_memory_win.cc(73)] ReadMemory at 0x7cec000 of 16384 bytes failed: 仅完成部分的 ReadProcessMemory 或 WriteProcessMemory 请求。 (0x12B)
[0120/160851.287:ERROR:process_memory_win.cc(73)] ReadMemory at 0x7e2c000 of 16384 bytes failed: 仅完成部分的 ReadProcessMemory 或 WriteProcessMemory 请求。 (0x12B)
[0120/160851.287:ERROR:process_memory_win.cc(73)] ReadMemory at 0x7f6d000 of 12288 bytes failed: 仅完成部分的 ReadProcessMemory 或 WriteProcessMemory 请求。 (0x12B)
[0120/160851.287:ERROR:process_memory_win.cc(73)] ReadMemory at 0x52caf80 of 688 bytes failed: 仅完成部分的 ReadProcessMemory 或 WriteProcessMemory 请求。 (0x12B)
[0120/160851.288:ERROR:process_memory_win.cc(73)] ReadMemory at 0x52ce000 of 3992 bytes failed: 仅完成部分的 ReadProcessMemory 或 WriteProcessMemory 请求。 (0x12B)
[0120/160851.289:ERROR:process_memory_win.cc(73)] ReadMemory at 0x52d1000 of 3992 bytes failed: 仅完成部分的 ReadProcessMemory 或 WriteProcessMemory 请求。 (0x12B)
[0120/160851.290:ERROR:process_memory_win.cc(73)] ReadMemory at 0x52d4000 of 3992 bytes failed: 仅完成部分的 ReadProcessMemory 或 WriteProcessMemory 请求。 (0x12B)
[0120/160851.290:ERROR:process_memory_win.cc(73)] ReadMemory at 0x52d7000 of 3992 bytes failed: 仅完成部分的 ReadProcessMemory 或 WriteProcessMemory 请求。 (0x12B)
[0120/160851.291:ERROR:process_memory_win.cc(73)] ReadMemory at 0x52da000 of 3992 bytes failed: 仅完成部分的 ReadProcessMemory 或 WriteProcessMemory 请求。 (0x12B)
[0120/160851.291:ERROR:process_memory_win.cc(73)] ReadMemory at 0x52dd000 of 3992 bytes failed: 仅完成部分的 ReadProcessMemory 或 WriteProcessMemory 请求。 (0x12B)
[0120/160851.292:ERROR:process_memory_win.cc(73)] ReadMemory at 0x52e0000 of 3992 bytes failed: 仅完成部分的 ReadProcessMemory 或 WriteProcessMemory 请求。 (0x12B)
[0120/160851.292:ERROR:process_memory_win.cc(73)] ReadMemory at 0x52e3000 of 3992 bytes failed: 仅完成部分的 ReadProcessMemory 或 WriteProcessMemory 请求。 (0x12B)
[0120/160851.292:ERROR:process_memory_win.cc(73)] ReadMemory at 0x52e6000 of 3992 bytes failed: 仅完成部分的 ReadProcessMemory 或 WriteProcessMemory 请求。 (0x12B)
[0120/160851.292:ERROR:process_memory_win.cc(73)] ReadMemory at 0x52e9000 of 3992 bytes failed: 仅完成部分的 ReadProcessMemory 或 WriteProcessMemory 请求。 (0x12B)
[0120/160851.293:ERROR:process_memory_win.cc(73)] ReadMemory at 0x52ec000 of 3992 bytes failed: 仅完成部分的 ReadProcessMemory 或 WriteProcessMemory 请求。 (0x12B)
[0120/160851.293:ERROR:process_memory_win.cc(73)] ReadMemory at 0x52ef000 of 3992 bytes failed: 仅完成部分的 ReadProcessMemory 或 WriteProcessMemory 请求。 (0x12B)
[0120/160851.294:ERROR:process_memory_win.cc(73)] ReadMemory at 0x52f2000 of 3992 bytes failed: 仅完成部分的 ReadProcessMemory 或 WriteProcessMemory 请求。 (0x12B)
[0120/160851.294:ERROR:process_memory_win.cc(73)] ReadMemory at 0x52f5000 of 3992 bytes failed: 仅完成部分的 ReadProcessMemory 或 WriteProcessMemory 请求。 (0x12B)
[0120/160851.295:ERROR:process_memory_win.cc(73)] ReadMemory at 0x52f8000 of 3992 bytes failed: 仅完成部分的 ReadProcessMemory 或 WriteProcessMemory 请求。 (0x12B)
[0120/160851.295:ERROR:process_memory_win.cc(73)] ReadMemory at 0x56b0000 of 384 bytes failed: 仅完成部分的 ReadProcessMemory 或 WriteProcessMemory 请求。 (0x12B)
[0120/160851.295:ERROR:process_memory_win.cc(73)] ReadMemory at 0x56b0af0 of 8294 bytes failed: 仅完成部分的 ReadProcessMemory 或 WriteProcessMemory 请求。 (0x12B)
[0120/160851.295:ERROR:process_memory_win.cc(73)] ReadMemory at 0x56b2b60 of 660 bytes failed: 仅完成部分的 ReadProcessMemory 或 WriteProcessMemory 请求。 (0x12B)
[0120/160851.296:ERROR:process_memory_win.cc(73)] ReadMemory at 0x56b3024 of 118 bytes failed: 仅完成部分的 ReadProcessMemory 或 WriteProcessMemory 请求。 (0x12B)
[0120/160851.297:ERROR:process_memory_win.cc(73)] ReadMemory at 0x56b309c of 1228 bytes failed: 仅完成部分的 ReadProcessMemory 或 WriteProcessMemory 请求。 (0x12B)
[0120/160851.297:ERROR:process_memory_win.cc(73)] ReadMemory at 0x56b356a of 118 bytes failed: 仅完成部分的 ReadProcessMemory 或 WriteProcessMemory 请求。 (0x12B)
[0120/160851.297:ERROR:process_memory_win.cc(73)] ReadMemory at 0x56b35e2 of 96 bytes failed: 仅完成部分的 ReadProcessMemory 或 WriteProcessMemory 请求。 (0x12B)
[0120/160851.297:ERROR:process_memory_win.cc(73)] ReadMemory at 0x56b56b8 of 58 bytes failed: 仅完成部分的 ReadProcessMemory 或 WriteProcessMemory 请求。 (0x12B)
[0120/160851.297:ERROR:process_memory_win.cc(73)] ReadMemory at 0x56b57a8 of 72 bytes failed: 仅完成部分的 ReadProcessMemory 或 WriteProcessMemory 请求。 (0x12B)
[0120/160851.297:ERROR:process_memory_win.cc(73)] ReadMemory at 0x56b5890 of 72 bytes failed: 仅完成部分的 ReadProcessMemory 或 WriteProcessMemory 请求。 (0x12B)
[0120/160851.298:ERROR:process_memory_win.cc(73)] ReadMemory at 0x56b5990 of 124 bytes failed: 仅完成部分的 ReadProcessMemory 或 WriteProcessMemory 请求。 (0x12B)
[0120/160851.298:ERROR:process_memory_win.cc(73)] ReadMemory at 0x56b5cc0 of 72 bytes failed: 仅完成部分的 ReadProcessMemory 或 WriteProcessMemory 请求。 (0x12B)
[0120/160851.298:ERROR:process_memory_win.cc(73)] ReadMemory at 0x56b5da8 of 64 bytes failed: 仅完成部分的 ReadProcessMemory 或 WriteProcessMemory 请求。 (0x12B)
[0120/160851.298:ERROR:process_memory_win.cc(73)] ReadMemory at 0x56b5e90 of 72 bytes failed: 仅完成部分的 ReadProcessMemory 或 WriteProcessMemory 请求。 (0x12B)
[0120/160851.298:ERROR:process_memory_win.cc(73)] ReadMemory at 0x56b6020 of 72 bytes failed: 仅完成部分的 ReadProcessMemory 或 WriteProcessMemory 请求。 (0x12B)
[0120/160851.299:ERROR:process_memory_win.cc(73)] ReadMemory at 0x56b6108 of 68 bytes failed: 仅完成部分的 ReadProcessMemory 或 WriteProcessMemory 请求。 (0x12B)
[0120/160851.299:ERROR:process_memory_win.cc(73)] ReadMemory at 0x56b6c00 of 72 bytes failed: 仅完成部分的 ReadProcessMemory 或 WriteProcessMemory 请求。 (0x12B)
[0120/160851.299:ERROR:process_memory_win.cc(73)] ReadMemory at 0x56b6ce8 of 152 bytes failed: 仅完成部分的 ReadProcessMemory 或 WriteProcessMemory 请求。 (0x12B)
[0120/160851.299:ERROR:process_memory_win.cc(73)] ReadMemory at 0x56b7858 of 60 bytes failed: 仅完成部分的 ReadProcessMemory 或 WriteProcessMemory 请求。 (0x12B)
[0120/160851.299:ERROR:process_memory_win.cc(73)] ReadMemory at 0x56b78a8 of 62 bytes failed: 仅完成部分的 ReadProcessMemory 或 WriteProcessMemory 请求。 (0x12B)
[0120/160851.299:ERROR:process_memory_win.cc(73)] ReadMemory at 0x56b7980 of 72 bytes failed: 仅完成部分的 ReadProcessMemory 或 WriteProcessMemory 请求。 (0x12B)
[0120/160851.299:ERROR:process_memory_win.cc(73)] ReadMemory at 0x56c2f80 of 62 bytes failed: 仅完成部分的 ReadProcessMemory 或 WriteProcessMemory 请求。 (0x12B)
[0120/160851.300:ERROR:process_memory_win.cc(73)] ReadMemory at 0x56c30a0 of 62 bytes failed: 仅完成部分的 ReadProcessMemory 或 WriteProcessMemory 请求。 (0x12B)
[0120/160851.300:ERROR:process_memory_win.cc(73)] ReadMemory at 0x56c3208 of 60 bytes failed: 仅完成部分的 ReadProcessMemory 或 WriteProcessMemory 请求。 (0x12B)
[0120/160851.300:ERROR:process_memory_win.cc(73)] ReadMemory at 0x56c3298 of 62 bytes failed: 仅完成部分的 ReadProcessMemory 或 WriteProcessMemory 请求。 (0x12B)
[0120/160851.300:ERROR:process_memory_win.cc(73)] ReadMemory at 0x56c32e0 of 60 bytes failed: 仅完成部分的 ReadProcessMemory 或 WriteProcessMemory 请求。 (0x12B)
[0120/160851.300:ERROR:process_memory_win.cc(73)] ReadMemory at 0x56c3370 of 58 bytes failed: 仅完成部分的 ReadProcessMemory 或 WriteProcessMemory 请求。 (0x12B)
[0120/160851.300:ERROR:process_memory_win.cc(73)] ReadMemory at 0x56c3400 of 58 bytes failed: 仅完成部分的 ReadProcessMemory 或 WriteProcessMemory 请求。 (0x12B)
[0120/160851.300:ERROR:process_memory_win.cc(73)] ReadMemory at 0x56c3640 of 58 bytes failed: 仅完成部分的 ReadProcessMemory 或 WriteProcessMemory 请求。 (0x12B)
[0120/160851.301:ERROR:process_memory_win.cc(73)] ReadMemory at 0x56c3be8 of 72 bytes failed: 仅完成部分的 ReadProcessMemory 或 WriteProcessMemory 请求。 (0x12B)
[0120/160851.301:ERROR:process_memory_win.cc(73)] ReadMemory at 0x56c3c98 of 80 bytes failed: 仅完成部分的 ReadProcessMemory 或 WriteProcessMemory 请求。 (0x12B)
[0120/160851.301:ERROR:process_memory_win.cc(73)] ReadMemory at 0x56c3ee8 of 66 bytes failed: 仅完成部分的 ReadProcessMemory 或 WriteProcessMemory 请求。 (0x12B)
[0120/160851.301:ERROR:process_memory_win.cc(73)] ReadMemory at 0x56c40e8 of 64 bytes failed: 仅完成部分的 ReadProcessMemory 或 WriteProcessMemory 请求。 (0x12B)
[0120/160851.301:ERROR:process_memory_win.cc(73)] ReadMemory at 0x56c7da8 of 66 bytes failed: 仅完成部分的 ReadProcessMemory 或 WriteProcessMemory 请求。 (0x12B)
[0120/160851.301:ERROR:process_memory_win.cc(73)] ReadMemory at 0x56c9fa0 of 54 bytes failed: 仅完成部分的 ReadProcessMemory 或 WriteProcessMemory 请求。 (0x12B)
[0120/160851.301:ERROR:process_memory_win.cc(73)] ReadMemory at 0x56ca4f8 of 72 bytes failed: 仅完成部分的 ReadProcessMemory 或 WriteProcessMemory 请求。 (0x12B)
[0120/160851.301:ERROR:process_memory_win.cc(73)] ReadMemory at 0x56ca5a8 of 72 bytes failed: 仅完成部分的 ReadProcessMemory 或 WriteProcessMemory 请求。 (0x12B)
[0120/160851.302:ERROR:process_memory_win.cc(73)] ReadMemory at 0x56ca658 of 72 bytes failed: 仅完成部分的 ReadProcessMemory 或 WriteProcessMemory 请求。 (0x12B)
[0120/160851.302:ERROR:process_memory_win.cc(73)] ReadMemory at 0x56ca708 of 72 bytes failed: 仅完成部分的 ReadProcessMemory 或 WriteProcessMemory 请求。 (0x12B)
[0120/160851.302:ERROR:process_memory_win.cc(73)] ReadMemory at 0x56ca7b8 of 72 bytes failed: 仅完成部分的 ReadProcessMemory 或 WriteProcessMemory 请求。 (0x12B)
[0120/160851.302:ERROR:process_memory_win.cc(73)] ReadMemory at 0x56ca868 of 72 bytes failed: 仅完成部分的 ReadProcessMemory 或 WriteProcessMemory 请求。 (0x12B)
[0120/160851.302:ERROR:process_memory_win.cc(73)] ReadMemory at 0x56ca918 of 72 bytes failed: 仅完成部分的 ReadProcessMemory 或 WriteProcessMemory 请求。 (0x12B)
[0120/160851.302:ERROR:process_memory_win.cc(73)] ReadMemory at 0x56ca9c8 of 72 bytes failed: 仅完成部分的 ReadProcessMemory 或 WriteProcessMemory 请求。 (0x12B)
[0120/160851.302:ERROR:process_memory_win.cc(73)] ReadMemory at 0x56cab28 of 72 bytes failed: 仅完成部分的 ReadProcessMemory 或 WriteProcessMemory 请求。 (0x12B)
[0120/160851.303:ERROR:process_memory_win.cc(73)] ReadMemory at 0x56cabd8 of 72 bytes failed: 仅完成部分的 ReadProcessMemory 或 WriteProcessMemory 请求。 (0x12B)
[0120/160851.304:ERROR:process_memory_win.cc(73)] ReadMemory at 0x56cac88 of 72 bytes failed: 仅完成部分的 ReadProcessMemory 或 WriteProcessMemory 请求。 (0x12B)
[0120/160851.305:ERROR:process_memory_win.cc(73)] ReadMemory at 0x56cad38 of 72 bytes failed: 仅完成部分的 ReadProcessMemory 或 WriteProcessMemory 请求。 (0x12B)
[0120/160851.305:ERROR:process_memory_win.cc(73)] ReadMemory at 0x56cade8 of 72 bytes failed: 仅完成部分的 ReadProcessMemory 或 WriteProcessMemory 请求。 (0x12B)
[0120/160851.305:ERROR:process_memory_win.cc(73)] ReadMemory at 0x56cae98 of 72 bytes failed: 仅完成部分的 ReadProcessMemory 或 WriteProcessMemory 请求。 (0x12B)
[0120/160851.305:ERROR:process_memory_win.cc(73)] ReadMemory at 0x56caf48 of 72 bytes failed: 仅完成部分的 ReadProcessMemory 或 WriteProcessMemory 请求。 (0x12B)
[0120/160851.305:ERROR:process_memory_win.cc(73)] ReadMemory at 0x56caff8 of 72 bytes failed: 仅完成部分的 ReadProcessMemory 或 WriteProcessMemory 请求。 (0x12B)
[0120/160851.305:ERROR:process_memory_win.cc(73)] ReadMemory at 0x56cb0a8 of 72 bytes failed: 仅完成部分的 ReadProcessMemory 或 WriteProcessMemory 请求。 (0x12B)
[0120/160851.305:ERROR:process_memory_win.cc(73)] ReadMemory at 0x56cb158 of 72 bytes failed: 仅完成部分的 ReadProcessMemory 或 WriteProcessMemory 请求。 (0x12B)
[0120/160851.306:ERROR:process_memory_win.cc(73)] ReadMemory at 0x56cb208 of 72 bytes failed: 仅完成部分的 ReadProcessMemory 或 WriteProcessMemory 请求。 (0x12B)
[0120/160851.306:ERROR:process_memory_win.cc(73)] ReadMemory at 0x56cb2b8 of 72 bytes failed: 仅完成部分的 ReadProcessMemory 或 WriteProcessMemory 请求。 (0x12B)
[0120/160851.306:ERROR:process_memory_win.cc(73)] ReadMemory at 0x56cb368 of 72 bytes failed: 仅完成部分的 ReadProcessMemory 或 WriteProcessMemory 请求。 (0x12B)
[0120/160851.306:ERROR:process_memory_win.cc(73)] ReadMemory at 0x56cb418 of 72 bytes failed: 仅完成部分的 ReadProcessMemory 或 WriteProcessMemory 请求。 (0x12B)
[0120/160851.307:ERROR:process_memory_win.cc(73)] ReadMemory at 0x56cbd48 of 64 bytes failed: 仅完成部分的 ReadProcessMemory 或 WriteProcessMemory 请求。 (0x12B)
[0120/160851.307:ERROR:process_memory_win.cc(73)] ReadMemory at 0x56cdf08 of 144 bytes failed: 仅完成部分的 ReadProcessMemory 或 WriteProcessMemory 请求。 (0x12B)
[0120/160851.307:ERROR:process_memory_win.cc(73)] ReadMemory at 0x56cf020 of 60 bytes failed: 仅完成部分的 ReadProcessMemory 或 WriteProcessMemory 请求。 (0x12B)
[0120/160851.307:ERROR:process_memory_win.cc(73)] ReadMemory at 0x56cf068 of 60 bytes failed: 仅完成部分的 ReadProcessMemory 或 WriteProcessMemory 请求。 (0x12B)
[0120/160851.307:ERROR:process_memory_win.cc(73)] ReadMemory at 0x56cf140 of 62 bytes failed: 仅完成部分的 ReadProcessMemory 或 WriteProcessMemory 请求。 (0x12B)
[0120/160851.308:ERROR:process_memory_win.cc(73)] ReadMemory at 0x56cf2a8 of 60 bytes failed: 仅完成部分的 ReadProcessMemory 或 WriteProcessMemory 请求。 (0x12B)
[0120/160851.308:ERROR:process_memory_win.cc(73)] ReadMemory at 0x56cf338 of 62 bytes failed: 仅完成部分的 ReadProcessMemory 或 WriteProcessMemory 请求。 (0x12B)
[0120/160851.308:ERROR:process_memory_win.cc(73)] ReadMemory at 0x56cf380 of 60 bytes failed: 仅完成部分的 ReadProcessMemory 或 WriteProcessMemory 请求。 (0x12B)
[0120/160851.308:ERROR:process_memory_win.cc(73)] ReadMemory at 0x56cf3c8 of 62 bytes failed: 仅完成部分的 ReadProcessMemory 或 WriteProcessMemory 请求。 (0x12B)
[0120/160851.308:ERROR:process_memory_win.cc(73)] ReadMemory at 0x56cf458 of 62 bytes failed: 仅完成部分的 ReadProcessMemory 或 WriteProcessMemory 请求。 (0x12B)
[0120/160851.308:ERROR:process_memory_win.cc(73)] ReadMemory at 0x56cf4e8 of 62 bytes failed: 仅完成部分的 ReadProcessMemory 或 WriteProcessMemory 请求。 (0x12B)
[0120/160851.309:ERROR:process_memory_win.cc(73)] ReadMemory at 0x56cf698 of 62 bytes failed: 仅完成部分的 ReadProcessMemory 或 WriteProcessMemory 请求。 (0x12B)
[0120/160851.309:ERROR:process_memory_win.cc(73)] ReadMemory at 0x56cf6e0 of 62 bytes failed: 仅完成部分的 ReadProcessMemory 或 WriteProcessMemory 请求。 (0x12B)
[0120/160851.309:ERROR:process_memory_win.cc(73)] ReadMemory at 0x56cf728 of 58 bytes failed: 仅完成部分的 ReadProcessMemory 或 WriteProcessMemory 请求。 (0x12B)
[0120/160851.309:ERROR:process_memory_win.cc(73)] ReadMemory at 0x56cf770 of 60 bytes failed: 仅完成部分的 ReadProcessMemory 或 WriteProcessMemory 请求。 (0x12B)
[0120/160851.309:ERROR:process_memory_win.cc(73)] ReadMemory at 0x56cf800 of 62 bytes failed: 仅完成部分的 ReadProcessMemory 或 WriteProcessMemory 请求。 (0x12B)
[0120/160851.309:ERROR:process_memory_win.cc(73)] ReadMemory at 0x56cf9f8 of 62 bytes failed: 仅完成部分的 ReadProcessMemory 或 WriteProcessMemory 请求。 (0x12B)
[0120/160851.310:ERROR:process_memory_win.cc(73)] ReadMemory at 0x56cfbf0 of 62 bytes failed: 仅完成部分的 ReadProcessMemory 或 WriteProcessMemory 请求。 (0x12B)
[0120/160851.310:ERROR:process_memory_win.cc(73)] ReadMemory at 0x56cfcc8 of 60 bytes failed: 仅完成部分的 ReadProcessMemory 或 WriteProcessMemory 请求。 (0x12B)
[0120/160851.310:ERROR:process_memory_win.cc(73)] ReadMemory at 0x56d1408 of 76 bytes failed: 仅完成部分的 ReadProcessMemory 或 WriteProcessMemory 请求。 (0x12B)
[0120/160851.310:ERROR:process_memory_win.cc(73)] ReadMemory at 0x56d15c0 of 78 bytes failed: 仅完成部分的 ReadProcessMemory 或 WriteProcessMemory 请求。 (0x12B)
[0120/160851.310:ERROR:process_memory_win.cc(73)] ReadMemory at 0x56d3250 of 64 bytes failed: 仅完成部分的 ReadProcessMemory 或 WriteProcessMemory 请求。 (0x12B)
[0120/160851.310:ERROR:process_memory_win.cc(73)] ReadMemory at 0x56d32a0 of 66 bytes failed: 仅完成部分的 ReadProcessMemory 或 WriteProcessMemory 请求。 (0x12B)
[0120/160851.310:ERROR:process_memory_win.cc(73)] ReadMemory at 0x56d34d0 of 64 bytes failed: 仅完成部分的 ReadProcessMemory 或 WriteProcessMemory 请求。 (0x12B)
[0120/160851.310:ERROR:process_memory_win.cc(73)] ReadMemory at 0x56d3520 of 64 bytes failed: 仅完成部分的 ReadProcessMemory 或 WriteProcessMemory 请求。 (0x12B)
[0120/160851.311:ERROR:process_memory_win.cc(73)] ReadMemory at 0x56d3570 of 64 bytes failed: 仅完成部分的 ReadProcessMemory 或 WriteProcessMemory 请求。 (0x12B)
[0120/160851.311:ERROR:process_memory_win.cc(73)] ReadMemory at 0x56d3610 of 64 bytes failed: 仅完成部分的 ReadProcessMemory 或 WriteProcessMemory 请求。 (0x12B)
[0120/160851.311:ERROR:process_memory_win.cc(73)] ReadMemory at 0x56d37f0 of 64 bytes failed: 仅完成部分的 ReadProcessMemory 或 WriteProcessMemory 请求。 (0x12B)
[0120/160851.311:ERROR:process_memory_win.cc(73)] ReadMemory at 0x56d3840 of 64 bytes failed: 仅完成部分的 ReadProcessMemory 或 WriteProcessMemory 请求。 (0x12B)
[0120/160851.311:ERROR:process_memory_win.cc(73)] ReadMemory at 0x56d3890 of 66 bytes failed: 仅完成部分的 ReadProcessMemory 或 WriteProcessMemory 请求。 (0x12B)
[0120/160851.311:ERROR:process_memory_win.cc(73)] ReadMemory at 0x56d3a00 of 72 bytes failed: 仅完成部分的 ReadProcessMemory 或 WriteProcessMemory 请求。 (0x12B)
[0120/160851.311:ERROR:process_memory_win.cc(73)] ReadMemory at 0x56d3ab0 of 72 bytes failed: 仅完成部分的 ReadProcessMemory 或 WriteProcessMemory 请求。 (0x12B)
[0120/160851.311:ERROR:process_memory_win.cc(73)] ReadMemory at 0x56d3d70 of 72 bytes failed: 仅完成部分的 ReadProcessMemory 或 WriteProcessMemory 请求。 (0x12B)
[0120/160851.312:ERROR:process_memory_win.cc(73)] ReadMemory at 0x56d3e20 of 72 bytes failed: 仅完成部分的 ReadProcessMemory 或 WriteProcessMemory 请求。 (0x12B)
[0120/160851.312:ERROR:process_memory_win.cc(73)] ReadMemory at 0x56d3ed0 of 72 bytes failed: 仅完成部分的 ReadProcessMemory 或 WriteProcessMemory 请求。 (0x12B)
[0120/160851.312:ERROR:process_memory_win.cc(73)] ReadMemory at 0x56d3f80 of 72 bytes failed: 仅完成部分的 ReadProcessMemory 或 WriteProcessMemory 请求。 (0x12B)
[0120/160851.312:ERROR:process_memory_win.cc(73)] ReadMemory at 0x56d4030 of 72 bytes failed: 仅完成部分的 ReadProcessMemory 或 WriteProcessMemory 请求。 (0x12B)
[0120/160851.312:ERROR:process_memory_win.cc(73)] ReadMemory at 0x56d40e0 of 72 bytes failed: 仅完成部分的 ReadProcessMemory 或 WriteProcessMemory 请求。 (0x12B)
[0120/160851.312:ERROR:process_memory_win.cc(73)] ReadMemory at 0x56d4190 of 72 bytes failed: 仅完成部分的 ReadProcessMemory 或 WriteProcessMemory 请求。 (0x12B)
[0120/160851.312:ERROR:process_memory_win.cc(73)] ReadMemory at 0x56d4240 of 72 bytes failed: 仅完成部分的 ReadProcessMemory 或 WriteProcessMemory 请求。 (0x12B)
[0120/160851.313:ERROR:process_memory_win.cc(73)] ReadMemory at 0x56d4450 of 72 bytes failed: 仅完成部分的 ReadProcessMemory 或 WriteProcessMemory 请求。 (0x12B)
[0120/160851.313:ERROR:process_memory_win.cc(73)] ReadMemory at 0x56d4500 of 72 bytes failed: 仅完成部分的 ReadProcessMemory 或 WriteProcessMemory 请求。 (0x12B)
[0120/160851.313:ERROR:process_memory_win.cc(73)] ReadMemory at 0x56d4660 of 72 bytes failed: 仅完成部分的 ReadProcessMemory 或 WriteProcessMemory 请求。 (0x12B)
[0120/160851.313:ERROR:process_memory_win.cc(73)] ReadMemory at 0x56d4710 of 72 bytes failed: 仅完成部分的 ReadProcessMemory 或 WriteProcessMemory 请求。 (0x12B)
[0120/160851.313:ERROR:process_memory_win.cc(73)] ReadMemory at 0x56d47c0 of 72 bytes failed: 仅完成部分的 ReadProcessMemory 或 WriteProcessMemory 请求。 (0x12B)
[0120/160851.313:ERROR:process_memory_win.cc(73)] ReadMemory at 0x56d4870 of 72 bytes failed: 仅完成部分的 ReadProcessMemory 或 WriteProcessMemory 请求。 (0x12B)
[0120/160851.313:ERROR:process_memory_win.cc(73)] ReadMemory at 0x56d4920 of 72 bytes failed: 仅完成部分的 ReadProcessMemory 或 WriteProcessMemory 请求。 (0x12B)
[0120/160851.314:ERROR:process_memory_win.cc(73)] ReadMemory at 0x56d49d0 of 72 bytes failed: 仅完成部分的 ReadProcessMemory 或 WriteProcessMemory 请求。 (0x12B)
[0120/160851.314:ERROR:process_memory_win.cc(73)] ReadMemory at 0x56d4b30 of 72 bytes failed: 仅完成部分的 ReadProcessMemory 或 WriteProcessMemory 请求。 (0x12B)
[0120/160851.314:ERROR:process_memory_win.cc(73)] ReadMemory at 0x56d4be0 of 72 bytes failed: 仅完成部分的 ReadProcessMemory 或 WriteProcessMemory 请求。 (0x12B)
[0120/160851.314:ERROR:process_memory_win.cc(73)] ReadMemory at 0x56d4df0 of 72 bytes failed: 仅完成部分的 ReadProcessMemory 或 WriteProcessMemory 请求。 (0x12B)
[0120/160851.314:ERROR:process_memory_win.cc(73)] ReadMemory at 0x56d6e60 of 80 bytes failed: 仅完成部分的 ReadProcessMemory 或 WriteProcessMemory 请求。 (0x12B)
[0120/160851.314:ERROR:process_memory_win.cc(73)] ReadMemory at 0x572d0a8 of 512 bytes failed: 仅完成部分的 ReadProcessMemory 或 WriteProcessMemory 请求。 (0x12B)
[0120/160851.315:ERROR:process_memory_win.cc(73)] ReadMemory at 0x5732940 of 512 bytes failed: 仅完成部分的 ReadProcessMemory 或 WriteProcessMemory 请求。 (0x12B)
[0120/160851.315:ERROR:process_memory_win.cc(73)] ReadMemory at 0x5732c68 of 612 bytes failed: 仅完成部分的 ReadProcessMemory 或 WriteProcessMemory 请求。 (0x12B)
[0120/160851.315:ERROR:process_memory_win.cc(73)] ReadMemory at 0x85064a8 of 512 bytes failed: 仅完成部分的 ReadProcessMemory 或 WriteProcessMemory 请求。 (0x12B)
[0120/160851.315:ERROR:process_memory_win.cc(73)] ReadMemory at 0x87a4d20 of 512 bytes failed: 仅完成部分的 ReadProcessMemory 或 WriteProcessMemory 请求。 (0x12B)
[0120/160851.315:ERROR:process_memory_win.cc(73)] ReadMemory at 0x88d83ec of 512 bytes failed: 仅完成部分的 ReadProcessMemory 或 WriteProcessMemory 请求。 (0x12B)
[0120/160851.315:ERROR:process_memory_win.cc(73)] ReadMemory at 0x15868202 of 512 bytes failed: 仅完成部分的 ReadProcessMemory 或 WriteProcessMemory 请求。 (0x12B)
[0120/160851.316:ERROR:process_memory_win.cc(73)] ReadMemory at 0x767319e0 of 512 bytes failed: 仅完成部分的 ReadProcessMemory 或 WriteProcessMemory 请求。 (0x12B)
[0120/160851.316:ERROR:process_memory_win.cc(73)] ReadMemory at 0x777d4652 of 512 bytes failed: 仅完成部分的 ReadProcessMemory 或 WriteProcessMemory 请求。 (0x12B)
[0120/160851.316:ERROR:process_memory_win.cc(73)] ReadMemory at 0x77a69260 of 18 bytes failed: 仅完成部分的 ReadProcessMemory 或 WriteProcessMemory 请求。 (0x12B)
[0120/160851.316:ERROR:process_memory_win.cc(73)] ReadMemory at 0x77a97ee0 of 512 bytes failed: 仅完成部分的 ReadProcessMemory 或 WriteProcessMemory 请求。 (0x12B)
[0120/160851.316:ERROR:process_memory_win.cc(73)] ReadMemory at 0x77ad2ebc of 512 bytes failed: 仅完成部分的 ReadProcessMemory 或 WriteProcessMemory 请求。 (0x12B)
[0120/160851.316:ERROR:process_memory_win.cc(73)] ReadMemory at 0x77ad31dc of 512 bytes failed: 仅完成部分的 ReadProcessMemory 或 WriteProcessMemory 请求。 (0x12B)
[0120/160851.317:ERROR:process_memory_win.cc(73)] ReadMemory at 0x77ad4b3c of 560 bytes failed: 仅完成部分的 ReadProcessMemory 或 WriteProcessMemory 请求。 (0x12B)
[0120/160851.317:ERROR:process_memory_win.cc(73)] ReadMemory at 0x77b7b3d0 of 24 bytes failed: 仅完成部分的 ReadProcessMemory 或 WriteProcessMemory 请求。 (0x12B)
[0120/160851.317:ERROR:process_memory_win.cc(73)] ReadMemory at 0x77b7b76c of 32 bytes failed: 仅完成部分的 ReadProcessMemory 或 WriteProcessMemory 请求。 (0x12B)
[0120/160851.317:ERROR:process_memory_win.cc(73)] ReadMemory at 0x77b7dca0 of 36 bytes failed: 仅完成部分的 ReadProcessMemory 或 WriteProcessMemory 请求。 (0x12B)
[0120/160851.321:ERROR:scoped_process_suspend.cc(40)] NtResumeProcess: 已尝试访问正在退出的过程。 (0xc000010a)
[0120/161107.442:ERROR:process_reader_win.cc(151)] SuspendThread: 拒绝访问。 (0x5)
[0120/161107.447:ERROR:process_reader_win.cc(151)] SuspendThread: 拒绝访问。 (0x5)
[0120/161107.447:ERROR:process_reader_win.cc(151)] SuspendThread: 拒绝访问。 (0x5)
[0120/161107.447:ERROR:process_reader_win.cc(151)] SuspendThread: 拒绝访问。 (0x5)
[0120/161107.447:ERROR:process_reader_win.cc(151)] SuspendThread: 拒绝访问。 (0x5)
[0120/161107.447:ERROR:process_reader_win.cc(151)] SuspendThread: 拒绝访问。 (0x5)
[0120/161107.447:ERROR:process_reader_win.cc(151)] SuspendThread: 拒绝访问。 (0x5)
[0120/161107.447:ERROR:process_reader_win.cc(151)] SuspendThread: 拒绝访问。 (0x5)
[0120/161107.447:ERROR:process_reader_win.cc(151)] SuspendThread: 拒绝访问。 (0x5)
[0120/161107.448:ERROR:process_reader_win.cc(151)] SuspendThread: 拒绝访问。 (0x5)
[0120/161107.448:ERROR:process_reader_win.cc(151)] SuspendThread: 拒绝访问。 (0x5)
[0120/161107.448:ERROR:process_reader_win.cc(151)] SuspendThread: 拒绝访问。 (0x5)
[0120/161107.448:ERROR:process_reader_win.cc(151)] SuspendThread: 拒绝访问。 (0x5)
[0120/161107.448:ERROR:process_reader_win.cc(151)] SuspendThread: 拒绝访问。 (0x5)
[0120/161107.448:ERROR:process_reader_win.cc(151)] SuspendThread: 拒绝访问。 (0x5)
[0120/161107.448:ERROR:process_reader_win.cc(151)] SuspendThread: 拒绝访问。 (0x5)
[0120/161107.448:ERROR:exception_snapshot_win.cc(98)] thread ID 26068 not found in process
